
Log started on 2024-11-17 21:43:38.402552
════════════════════════════════════════════════════════════════════════════════
Starting Analyzing Headers: https://demo.testfire.net/
────────────────────────────────────────────────────────────────────────────────
[SUCCESS] [2024-11-17 21:43:22] Status Code: 200
[INFO] [2024-11-17 21:43:22] HTTP Headers:
  content-type: text/html;charset=ISO-8859-1
  date: Mon, 18 Nov 2024 02:43:20 GMT
  server: Apache-Coyote/1.1
  transfer-encoding: chunked
[INFO] [2024-11-17 21:43:22] 
Security Headers Analysis:
  ✗ strict-transport-security is missing
  ✗ content-security-policy is missing
  ✗ x-frame-options is missing
  ✗ x-xss-protection is missing
  ✗ x-content-type-options is missing
[INFO] [2024-11-17 21:43:22] Content Headers Analysis:
  Content-Type: text/html;charset=ISO-8859-1
[INFO] [2024-11-17 21:43:22] Server Information:
  Server: Apache-Coyote/1.1
════════════════════════════════════════════════════════════════════════════════
Starting Analyzing Headers: https://google.com
────────────────────────────────────────────────────────────────────────────────
[SUCCESS] [2024-11-17 21:43:31] Status Code: 200
[INFO] [2024-11-17 21:43:31] HTTP Headers:
  accept-ch: Sec-CH-Prefers-Color-Scheme, Sec-CH-UA-Form-Factors, Sec-CH-UA-Platform, Sec-CH-UA-Platform-Version, Sec-CH-UA-Full-Version, Sec-CH-UA-Arch, Sec-CH-UA-Model, Sec-CH-UA-Bitness, Sec-CH-UA-Full-Version-List, Sec-CH-UA-WoW64
  alt-svc: h3=":443"; ma=2592000,h3-29=":443"; ma=2592000
  cache-control: private, max-age=0
  content-encoding: gzip
  content-length: 66758
  content-security-policy-report-only: object-src 'none';base-uri 'self';script-src 'nonce-HoBJoUpSVTTLSJaDzKx4Ew' 'strict-dynamic' 'report-sample' 'unsafe-eval' 'unsafe-inline' https
  content-type: text/html; charset=UTF-8
  cross-origin-opener-policy: same-origin-allow-popups; report-to="gws"
  date: Mon, 18 Nov 2024 02:43:31 GMT
  expires: -1
  permissions-policy: unload=()
  report-to: {"group":"gws","max_age":2592000,"endpoints":[{"url":"https://csp.withgoogle.com/csp/report-to/gws/other"}]}
  server: gws
  x-frame-options: SAMEORIGIN
  x-xss-protection: 0
[INFO] [2024-11-17 21:43:31] 
Security Headers Analysis:
  ✗ strict-transport-security is missing
  ✗ content-security-policy is missing
  ✓ Frame protection is enabled
  ✓ XSS protection is enabled
  ✗ x-content-type-options is missing
[INFO] [2024-11-17 21:43:31] Content Headers Analysis:
  Content-Type: text/html; charset=UTF-8
  Content-Length: 65.19 KB
  Content-Encoding: gzip
[INFO] [2024-11-17 21:43:31] Server Information:
  Server: gws

URL Analysis Results:

==================================================
URL: https://demo.testfire.net/
==================================================
Status: Success
Total Headers: 4
Server: Apache-Coyote/1.1
Content-Type: text/html

Security Analysis:
  Security Score: 0.0%
  Security Headers:
    ✓ HSTS Enabled: No
    ✓ CSP Configured: No
    ✓ X-Frame-Options: No
    ✓ XSS Protection: No
    ✓ MIME Sniffing Protection: No

==================================================
URL: https://google.com
==================================================
Status: Success
Total Headers: 15
Server: gws
Content-Type: text/html

Security Analysis:
  Security Score: 40.0%
  Security Headers:
    ✓ HSTS Enabled: No
    ✓ CSP Configured: No
    ✓ X-Frame-Options: Yes
    ✓ XSS Protection: Yes
    ✓ MIME Sniffing Protection: No

==================================================
Overall Analytics:
==================================================
General Statistics:
  Total URLs Analyzed: 2
  Successful Requests: 2
  Failed Requests: 0
  Average Headers per URL: 9.5

Server Distribution:
  Apache-Coyote/1.1: 1 (50.0%)
  gws: 1 (50.0%)

Content Type Distribution:
  text/html: 2 (100.0%)


Log started on 2024-11-19 16:13:52.515148
════════════════════════════════════════════════════════════════════════════════
Starting Analyzing Headers: https://demo.testfire.net/
────────────────────────────────────────────────────────────────────────────────
[SUCCESS] [2024-11-19 16:13:32] Status Code: 200
[INFO] [2024-11-19 16:13:32] HTTP Headers:
  content-type: text/html;charset=ISO-8859-1
  date: Tue, 19 Nov 2024 21:13:31 GMT
  server: Apache-Coyote/1.1
  transfer-encoding: chunked
[INFO] [2024-11-19 16:13:32] 
Security Headers Analysis:
  ✗ strict-transport-security is missing
  ✗ content-security-policy is missing
  ✗ x-frame-options is missing
  ✗ x-xss-protection is missing
  ✗ x-content-type-options is missing
[INFO] [2024-11-19 16:13:32] Content Headers Analysis:
  Content-Type: text/html;charset=ISO-8859-1
[INFO] [2024-11-19 16:13:32] Server Information:
  Server: Apache-Coyote/1.1
════════════════════════════════════════════════════════════════════════════════
Starting Analyzing Headers: https://google.com
────────────────────────────────────────────────────────────────────────────────
[SUCCESS] [2024-11-19 16:13:46] Status Code: 200
[INFO] [2024-11-19 16:13:46] HTTP Headers:
  accept-ch: Sec-CH-Prefers-Color-Scheme, Sec-CH-UA-Form-Factors, Sec-CH-UA-Platform, Sec-CH-UA-Platform-Version, Sec-CH-UA-Full-Version, Sec-CH-UA-Arch, Sec-CH-UA-Model, Sec-CH-UA-Bitness, Sec-CH-UA-Full-Version-List, Sec-CH-UA-WoW64
  alt-svc: h3=":443"; ma=2592000,h3-29=":443"; ma=2592000
  cache-control: private, max-age=0
  content-encoding: gzip
  content-length: 64794
  content-security-policy-report-only: object-src 'none';base-uri 'self';script-src 'nonce-nC83uLUKoMYm3Efi-zeIeA' 'strict-dynamic' 'report-sample' 'unsafe-eval' 'unsafe-inline' https
  content-type: text/html; charset=UTF-8
  cross-origin-opener-policy: same-origin-allow-popups; report-to="gws"
  date: Tue, 19 Nov 2024 21:13:45 GMT
  expires: -1
  permissions-policy: unload=()
  report-to: {"group":"gws","max_age":2592000,"endpoints":[{"url":"https://csp.withgoogle.com/csp/report-to/gws/other"}]}
  server: gws
  x-frame-options: SAMEORIGIN
  x-xss-protection: 0
[INFO] [2024-11-19 16:13:46] 
Security Headers Analysis:
  ✗ strict-transport-security is missing
  ✗ content-security-policy is missing
  ✓ Frame protection is enabled
  ✓ XSS protection is enabled
  ✗ x-content-type-options is missing
[INFO] [2024-11-19 16:13:46] Content Headers Analysis:
  Content-Type: text/html; charset=UTF-8
  Content-Length: 63.28 KB
  Content-Encoding: gzip
[INFO] [2024-11-19 16:13:46] Server Information:
  Server: gws

URL Analysis Results:

==================================================
URL: https://demo.testfire.net/
==================================================
Status: Success
Total Headers: 4
Server: Apache-Coyote/1.1
Content-Type: text/html

Security Analysis:
  Security Score: 0.0%
  Security Headers:
    ✓ HSTS Enabled: No
    ✓ CSP Configured: No
    ✓ X-Frame-Options: No
    ✓ XSS Protection: No
    ✓ MIME Sniffing Protection: No

==================================================
URL: https://google.com
==================================================
Status: Success
Total Headers: 15
Server: gws
Content-Type: text/html

Security Analysis:
  Security Score: 40.0%
  Security Headers:
    ✓ HSTS Enabled: No
    ✓ CSP Configured: No
    ✓ X-Frame-Options: Yes
    ✓ XSS Protection: Yes
    ✓ MIME Sniffing Protection: No

==================================================
Overall Analytics:
==================================================
General Statistics:
  Total URLs Analyzed: 2
  Successful Requests: 2
  Failed Requests: 0
  Average Headers per URL: 9.5

Server Distribution:
  Apache-Coyote/1.1: 1 (50.0%)
  gws: 1 (50.0%)

Content Type Distribution:
  text/html: 2 (100.0%)


Log started on 2024-11-19 17:33:05.150109
════════════════════════════════════════════════════════════════════════════════
Starting Analyzing Headers: https://demo.testfire.net/
────────────────────────────────────────────────────────────────────────────────
[SUCCESS] [2024-11-19 17:32:59] Status Code: 200
[INFO] [2024-11-19 17:32:59] HTTP Headers:
  content-type: text/html;charset=ISO-8859-1
  date: Tue, 19 Nov 2024 22:32:57 GMT
  server: Apache-Coyote/1.1
  transfer-encoding: chunked
[INFO] [2024-11-19 17:32:59] 
Security Headers Analysis:
  ✗ strict-transport-security is missing
  ✗ content-security-policy is missing
  ✗ x-frame-options is missing
  ✗ x-xss-protection is missing
  ✗ x-content-type-options is missing
[INFO] [2024-11-19 17:32:59] Content Headers Analysis:
  Content-Type: text/html;charset=ISO-8859-1
[INFO] [2024-11-19 17:32:59] Server Information:
  Server: Apache-Coyote/1.1

URL Analysis Results:

==================================================
URL: https://demo.testfire.net/
==================================================
Status: Success
Total Headers: 4
Server: Apache-Coyote/1.1
Content-Type: text/html

Security Analysis:
  Security Score: 0.0%
  Security Headers:
    ✓ HSTS Enabled: No
    ✓ CSP Configured: No
    ✓ X-Frame-Options: No
    ✓ XSS Protection: No
    ✓ MIME Sniffing Protection: No

==================================================
Overall Analytics:
==================================================
General Statistics:
  Total URLs Analyzed: 1
  Successful Requests: 1
  Failed Requests: 0
  Average Headers per URL: 4.0

Server Distribution:
  Apache-Coyote/1.1: 1 (100.0%)

Content Type Distribution:
  text/html: 1 (100.0%)


Log started on 2024-11-19 17:41:12.437786
════════════════════════════════════════════════════════════════════════════════
Starting Analyzing Headers: https://demo.testfire.net/
────────────────────────────────────────────────────────────────────────────────
[SUCCESS] [2024-11-19 17:41:06] Status Code: 200
[INFO] [2024-11-19 17:41:06] HTTP Headers:
  content-type: text/html;charset=ISO-8859-1
  date: Tue, 19 Nov 2024 22:41:04 GMT
  server: Apache-Coyote/1.1
  transfer-encoding: chunked
[INFO] [2024-11-19 17:41:06] 
Security Headers Analysis:
  ✗ strict-transport-security is missing
  ✗ content-security-policy is missing
  ✗ x-frame-options is missing
  ✗ x-xss-protection is missing
  ✗ x-content-type-options is missing
[INFO] [2024-11-19 17:41:06] Content Headers Analysis:
  Content-Type: text/html;charset=ISO-8859-1
[INFO] [2024-11-19 17:41:06] Server Information:
  Server: Apache-Coyote/1.1

URL Analysis Results:

==================================================
URL: https://demo.testfire.net/
==================================================
Status: Success
Total Headers: 4
Server: Apache-Coyote/1.1
Content-Type: text/html

Security Analysis:
  Security Score: 0.0%
  Security Headers:
    ✓ HSTS Enabled: No
    ✓ CSP Configured: No
    ✓ X-Frame-Options: No
    ✓ XSS Protection: No
    ✓ MIME Sniffing Protection: No

==================================================
Overall Analytics:
==================================================
General Statistics:
  Total URLs Analyzed: 1
  Successful Requests: 1
  Failed Requests: 0
  Average Headers per URL: 4.0

Server Distribution:
  Apache-Coyote/1.1: 1 (100.0%)

Content Type Distribution:
  text/html: 1 (100.0%)

